<?xml version="1.0" encoding="UTF-8"?>
<!-- Generated by org.testng.reporters.JUnitXMLReporter -->
<testsuite hostname="LAPTOP-P9SL0QAP" ignored="0" name="Add Customer Test" tests="5" failures="0" timestamp="23 Aug 2018 06:07:06 GMT" time="44.083" errors="0">
  <testcase name="addCustomerTest" time="9.994" classname="com.w2a.testcases.AddCustomerTest"/>
  <testcase name="addCustomerTest" time="7.79" classname="com.w2a.testcases.AddCustomerTest"/>
  <testcase name="addCustomerTest" time="7.907" classname="com.w2a.testcases.AddCustomerTest"/>
  <testcase name="addCustomerTest" time="7.984" classname="com.w2a.testcases.AddCustomerTest"/>
  <testcase name="addCustomerTest" time="8.242" classname="com.w2a.testcases.AddCustomerTest"/>
</testsuite> <!-- Add Customer Test -->
