<?xml version="1.0" encoding="UTF-8"?>
<testsuite name="TestSuite" time="29.003" tests="7" errors="0" skipped="0" failures="1">
  <properties>
[...]
</properties>
  <testcase name="bankManagerLoginTest" classname="com.w2a.testcases.BankManagerLoginTest" time="12.409">
    <failure message="Login Not Successfull" type="java.lang.AssertionError">java.lang.AssertionError: Login Not Successfull
	at org.testng.Assert.fail(Assert.java:93)
	at com.w2a.testcases.BankManagerLoginTest.bankManagerLoginTest(BankManagerLoginTest.java:24)
</failure>
    <system-err><![CDATA[Aug 23, 2018 11:35:49 AM com.relevantcodes.extentreports.ExtentReports loadConfig
WARNING: Unable to perform report configuration. The file C:\Users\Roshan Kumar Gupta\workspace\DataDrivenFramework\src\test\resources\extentconfig\ReportsConfig.xml was not found.
]]></system-err>
  </testcase>
  <testcase name="addCustomerTest" classname="com.w2a.testcases.AddCustomerTest" time="10.167"/>
  <testcase name="addCustomerTest" classname="com.w2a.testcases.AddCustomerTest" time="7.91"/>
  <testcase name="addCustomerTest" classname="com.w2a.testcases.AddCustomerTest" time="8.025"/>
  <testcase name="addCustomerTest" classname="com.w2a.testcases.AddCustomerTest" time="8.244"/>
  <testcase name="addCustomerTest" classname="com.w2a.testcases.AddCustomerTest" time="8.35"/>
  <testcase name="openAccountTest" classname="com.w2a.testcases.OpenAccountTest" time="6.427"/>
</testsuite>