<?xml version="1.0" encoding="UTF-8"?>
<!-- Generated by org.testng.reporters.JUnitXMLReporter -->
<testsuite hostname="LAPTOP-P9SL0QAP" ignored="0" name="Bank Manager Login Test" tests="1" failures="1" timestamp="22 Aug 2018 19:17:35 GMT" time="11.22" errors="0">
  <testcase name="bankManagerLoginTest" time="10.375" classname="com.w2a.testcases.BankManagerLoginTest">
    <failure type="java.lang.AssertionError" message="Login Not Successfull">
      <![CDATA[java.lang.AssertionError: Login Not Successfull
	at com.w2a.testcases.BankManagerLoginTest.bankManagerLoginTest(BankManagerLoginTest.java:26)
... Removed 26 stack frames]]>
    </failure>
  </testcase> <!-- bankManagerLoginTest -->
</testsuite> <!-- Bank Manager Login Test -->
